# JRE version: OpenJDK Runtime Environment (17.0.10) (build 17.0.10+0--11572160)
# Java VM: OpenJDK 64-Bit Server VM (17.0.10+0--11572160, mixed mode, tiered, compressed oops, compressed class ptrs, g1 gc, windows-amd64)
GC Precious Log:
 CPUs: 4 total, 4 available
 Memory: 3910M
 Large Page Support: Disabled
 NUMA Support: Disabled
 Compressed Oops: Enabled (Zero based)
 Heap Region Size: 4M
 Heap Min Capacity: 8M
 Heap Initial Capacity: 64M
 Heap Max Capacity: 8G
 Pre-touch: Disabled
 Parallel Workers: 4
 Concurrent Workers: 1
 Concurrent Refinement Workers: 4
 Periodic GC: Disabled
Heap:
 garbage-first heap   total 1974272K, used 545502K [0x0000000600000000, 0x0000000800000000)
  region size 4096K, 3 young (12288K), 3 survivors (12288K)
 Metaspace       used 180417K, committed 182016K, reserved 1245184K
  class space    used 23887K, committed 24576K, reserved 1048576K
GC Heap History (20 events):
Event: 840.648 GC heap after
{Heap after GC invocations=173 (full 0):
 garbage-first heap   total 1974272K, used 499963K [0x0000000600000000, 0x0000000800000000)
  region size 4096K, 5 young (20480K), 5 survivors (20480K)
 Metaspace       used 180140K, committed 181760K, reserved 1245184K
  class space    used 23860K, committed 24576K, reserved 1048576K
}
Event: 859.142 GC heap before
{Heap before GC invocations=173 (full 0):
 garbage-first heap   total 1974272K, used 1048827K [0x0000000600000000, 0x0000000800000000)
  region size 4096K, 139 young (569344K), 5 survivors (20480K)
 Metaspace       used 180186K, committed 181824K, reserved 1245184K
  class space    used 23860K, committed 24576K, reserved 1048576K
}
Event: 859.270 GC heap after
{Heap after GC invocations=174 (full 0):
 garbage-first heap   total 1974272K, used 503583K [0x0000000600000000, 0x0000000800000000)
  region size 4096K, 6 young (24576K), 6 survivors (24576K)
 Metaspace       used 180186K, committed 181824K, reserved 1245184K
  class space    used 23860K, committed 24576K, reserved 1048576K
}
Event: 866.491 GC heap before
{Heap before GC invocations=174 (full 0):
 garbage-first heap   total 1974272K, used 888607K [0x0000000600000000, 0x0000000800000000)
  region size 4096K, 100 young (409600K), 6 survivors (24576K)
 Metaspace       used 180225K, committed 181888K, reserved 1245184K
  class space    used 23864K, committed 24576K, reserved 1048576K
}
Event: 866.521 GC heap after
{Heap after GC invocations=175 (full 0):
 garbage-first heap   total 1974272K, used 505589K [0x0000000600000000, 0x0000000800000000)
  region size 4096K, 6 young (24576K), 6 survivors (24576K)
 Metaspace       used 180225K, committed 181888K, reserved 1245184K
  class space    used 23864K, committed 24576K, reserved 1048576K
}
Event: 873.578 GC heap before
{Heap before GC invocations=175 (full 0):
 garbage-first heap   total 1974272K, used 1324789K [0x0000000600000000, 0x0000000800000000)
  region size 4096K, 206 young (843776K), 6 survivors (24576K)
 Metaspace       used 180315K, committed 181952K, reserved 1245184K
  class space    used 23874K, committed 24576K, reserved 1048576K
}
Event: 873.799 GC heap after
{Heap after GC invocations=176 (full 0):
 garbage-first heap   total 1974272K, used 520089K [0x0000000600000000, 0x0000000800000000)
  region size 4096K, 10 young (40960K), 10 survivors (40960K)
 Metaspace       used 180315K, committed 181952K, reserved 1245184K
  class space    used 23874K, committed 24576K, reserved 1048576K
}
Event: 875.324 GC heap before
{Heap before GC invocations=176 (full 0):
 garbage-first heap   total 1974272K, used 688025K [0x0000000600000000, 0x0000000800000000)
  region size 4096K, 51 young (208896K), 10 survivors (40960K)
 Metaspace       used 180384K, committed 182016K, reserved 1245184K
  class space    used 23885K, committed 24576K, reserved 1048576K
}
Event: 876.678 GC heap after
{Heap after GC invocations=177 (full 0):
 garbage-first heap   total 1974272K, used 525683K [0x0000000600000000, 0x0000000800000000)
  region size 4096K, 3 young (12288K), 3 survivors (12288K)
 Metaspace       used 180384K, committed 182016K, reserved 1245184K
  class space    used 23885K, committed 24576K, reserved 1048576K
}
Event: 877.033 GC heap before
{Heap before GC invocations=177 (full 0):
 garbage-first heap   total 1974272K, used 611699K [0x0000000600000000, 0x0000000800000000)
  region size 4096K, 24 young (98304K), 3 survivors (12288K)
 Metaspace       used 180399K, committed 182016K, reserved 1245184K
  class space    used 23886K, committed 24576K, reserved 1048576K
}
Event: 877.057 GC heap after
{Heap after GC invocations=178 (full 0):
 garbage-first heap   total 1974272K, used 525577K [0x0000000600000000, 0x0000000800000000)
  region size 4096K, 2 young (8192K), 2 survivors (8192K)
 Metaspace       used 180399K, committed 182016K, reserved 1245184K
  class space    used 23886K, committed 24576K, reserved 1048576K
}
Event: 877.533 GC heap before
{Heap before GC invocations=178 (full 0):
 garbage-first heap   total 1974272K, used 623881K [0x0000000600000000, 0x0000000800000000)
  region size 4096K, 26 young (106496K), 2 survivors (8192K)
 Metaspace       used 180401K, committed 182016K, reserved 1245184K
  class space    used 23886K, committed 24576K, reserved 1048576K
}
Event: 877.542 GC heap after
{Heap after GC invocations=179 (full 0):
 garbage-first heap   total 1974272K, used 524305K [0x0000000600000000, 0x0000000800000000)
  region size 4096K, 2 young (8192K), 2 survivors (8192K)
 Metaspace       used 180401K, committed 182016K, reserved 1245184K
  class space    used 23886K, committed 24576K, reserved 1048576K
}
Event: 878.784 GC heap before
{Heap before GC invocations=179 (full 0):
 garbage-first heap   total 1974272K, used 716817K [0x0000000600000000, 0x0000000800000000)
  region size 4096K, 49 young (200704K), 2 survivors (8192K)
 Metaspace       used 180403K, committed 182016K, reserved 1245184K
  class space    used 23886K, committed 24576K, reserved 1048576K
}
Event: 878.811 GC heap after
{Heap after GC invocations=180 (full 0):
 garbage-first heap   total 1974272K, used 535097K [0x0000000600000000, 0x0000000800000000)
  region size 4096K, 4 young (16384K), 4 survivors (16384K)
 Metaspace       used 180403K, committed 182016K, reserved 1245184K
  class space    used 23886K, committed 24576K, reserved 1048576K
}
Event: 879.119 GC heap before
{Heap before GC invocations=180 (full 0):
 garbage-first heap   total 1974272K, used 625209K [0x0000000600000000, 0x0000000800000000)
  region size 4096K, 26 young (106496K), 4 survivors (16384K)
 Metaspace       used 180405K, committed 182016K, reserved 1245184K
  class space    used 23886K, committed 24576K, reserved 1048576K
}
Event: 879.260 GC heap after
{Heap after GC invocations=181 (full 0):
 garbage-first heap   total 1974272K, used 542274K [0x0000000600000000, 0x0000000800000000)
  region size 4096K, 2 young (8192K), 2 survivors (8192K)
 Metaspace       used 180405K, committed 182016K, reserved 1245184K
  class space    used 23886K, committed 24576K, reserved 1048576K
}
Event: 879.872 GC heap before
{Heap before GC invocations=181 (full 0):
 garbage-first heap   total 1974272K, used 706114K [0x0000000600000000, 0x0000000800000000)
  region size 4096K, 42 young (172032K), 2 survivors (8192K)
 Metaspace       used 180415K, committed 182016K, reserved 1245184K
  class space    used 23887K, committed 24576K, reserved 1048576K
}
Event: 879.895 GC heap after
{Heap after GC invocations=182 (full 0):
 garbage-first heap   total 1974272K, used 546370K [0x0000000600000000, 0x0000000800000000)
  region size 4096K, 3 young (12288K), 3 survivors (12288K)
 Metaspace       used 180415K, committed 182016K, reserved 1245184K
  class space    used 23887K, committed 24576K, reserved 1048576K
}
Event: 880.881 GC heap before
{Heap before GC invocations=182 (full 0):
 garbage-first heap   total 1974272K, used 738882K [0x0000000600000000, 0x0000000800000000)
  region size 4096K, 50 young (204800K), 3 survivors (12288K)
 Metaspace       used 180417K, committed 182016K, reserved 1245184K
  class space    used 23887K, committed 24576K, reserved 1048576K
}

