# JRE version: OpenJDK Runtime Environment (17.0.10) (build 17.0.10+0--11572160)
# Java VM: OpenJDK 64-Bit Server VM (17.0.10+0--11572160, mixed mode, tiered, compressed oops, compressed class ptrs, g1 gc, windows-amd64)
GC Precious Log:
 CPUs: 4 total, 4 available
 Memory: 3910M
 Large Page Support: Disabled
 NUMA Support: Disabled
 Compressed Oops: Enabled (Zero based)
 Heap Region Size: 4M
 Heap Min Capacity: 8M
 Heap Initial Capacity: 64M
 Heap Max Capacity: 8G
 Pre-touch: Disabled
 Parallel Workers: 4
 Concurrent Workers: 1
 Concurrent Refinement Workers: 4
 Periodic GC: Disabled
Heap:
 garbage-first heap   total 675840K, used 259221K [0x0000000600000000, 0x0000000800000000)
  region size 4096K, 1 young (4096K), 1 survivors (4096K)
 Metaspace       used 136235K, committed 137792K, reserved 1179648K
  class space    used 18634K, committed 19328K, reserved 1048576K
GC Heap History (20 events):
Event: 198.209 GC heap after
{Heap after GC invocations=67 (full 0):
 garbage-first heap   total 307200K, used 159410K [0x0000000600000000, 0x0000000800000000)
  region size 4096K, 3 young (12288K), 3 survivors (12288K)
 Metaspace       used 115456K, committed 116416K, reserved 1179648K
  class space    used 15883K, committed 16320K, reserved 1048576K
}
Event: 202.279 GC heap before
{Heap before GC invocations=68 (full 0):
 garbage-first heap   total 307200K, used 241330K [0x0000000600000000, 0x0000000800000000)
  region size 4096K, 23 young (94208K), 3 survivors (12288K)
 Metaspace       used 116861K, committed 117888K, reserved 1179648K
  class space    used 16123K, committed 16640K, reserved 1048576K
}
Event: 202.318 GC heap after
{Heap after GC invocations=69 (full 0):
 garbage-first heap   total 307200K, used 167309K [0x0000000600000000, 0x0000000800000000)
  region size 4096K, 3 young (12288K), 3 survivors (12288K)
 Metaspace       used 116861K, committed 117888K, reserved 1179648K
  class space    used 16123K, committed 16640K, reserved 1048576K
}
Event: 202.377 GC heap before
{Heap before GC invocations=69 (full 0):
 garbage-first heap   total 307200K, used 171405K [0x0000000600000000, 0x0000000800000000)
  region size 4096K, 4 young (16384K), 3 survivors (12288K)
 Metaspace       used 116861K, committed 117888K, reserved 1179648K
  class space    used 16123K, committed 16640K, reserved 1048576K
}
Event: 202.458 GC heap after
{Heap after GC invocations=70 (full 0):
 garbage-first heap   total 307200K, used 166918K [0x0000000600000000, 0x0000000800000000)
  region size 4096K, 1 young (4096K), 1 survivors (4096K)
 Metaspace       used 116861K, committed 117888K, reserved 1179648K
  class space    used 16123K, committed 16640K, reserved 1048576K
}
Event: 205.661 GC heap before
{Heap before GC invocations=70 (full 0):
 garbage-first heap   total 307200K, used 240646K [0x0000000600000000, 0x0000000800000000)
  region size 4096K, 20 young (81920K), 1 survivors (4096K)
 Metaspace       used 117322K, committed 118336K, reserved 1179648K
  class space    used 16211K, committed 16704K, reserved 1048576K
}
Event: 205.792 GC heap after
{Heap after GC invocations=71 (full 0):
 garbage-first heap   total 675840K, used 169601K [0x0000000600000000, 0x0000000800000000)
  region size 4096K, 2 young (8192K), 2 survivors (8192K)
 Metaspace       used 117322K, committed 118336K, reserved 1179648K
  class space    used 16211K, committed 16704K, reserved 1048576K
}
Event: 225.480 GC heap before
{Heap before GC invocations=72 (full 0):
 garbage-first heap   total 614400K, used 530049K [0x0000000600000000, 0x0000000800000000)
  region size 4096K, 90 young (368640K), 2 survivors (8192K)
 Metaspace       used 119674K, committed 120960K, reserved 1179648K
  class space    used 16559K, committed 17152K, reserved 1048576K
}
Event: 225.585 GC heap after
{Heap after GC invocations=73 (full 0):
 garbage-first heap   total 614400K, used 208112K [0x0000000600000000, 0x0000000800000000)
  region size 4096K, 10 young (40960K), 10 survivors (40960K)
 Metaspace       used 119674K, committed 120960K, reserved 1179648K
  class space    used 16559K, committed 17152K, reserved 1048576K
}
Event: 225.638 GC heap before
{Heap before GC invocations=73 (full 0):
 garbage-first heap   total 614400K, used 212208K [0x0000000600000000, 0x0000000800000000)
  region size 4096K, 11 young (45056K), 10 survivors (40960K)
 Metaspace       used 119674K, committed 120960K, reserved 1179648K
  class space    used 16559K, committed 17152K, reserved 1048576K
}
Event: 225.875 GC heap after
{Heap after GC invocations=74 (full 0):
 garbage-first heap   total 614400K, used 212232K [0x0000000600000000, 0x0000000800000000)
  region size 4096K, 2 young (8192K), 2 survivors (8192K)
 Metaspace       used 119674K, committed 120960K, reserved 1179648K
  class space    used 16559K, committed 17152K, reserved 1048576K
}
Event: 243.023 GC heap before
{Heap before GC invocations=74 (full 0):
 garbage-first heap   total 614400K, used 482568K [0x0000000600000000, 0x0000000800000000)
  region size 4096K, 68 young (278528K), 2 survivors (8192K)
 Metaspace       used 127504K, committed 128896K, reserved 1179648K
  class space    used 17643K, committed 18304K, reserved 1048576K
}
Event: 243.076 GC heap after
{Heap after GC invocations=75 (full 0):
 garbage-first heap   total 614400K, used 233463K [0x0000000600000000, 0x0000000800000000)
  region size 4096K, 7 young (28672K), 7 survivors (28672K)
 Metaspace       used 127504K, committed 128896K, reserved 1179648K
  class space    used 17643K, committed 18304K, reserved 1048576K
}
Event: 350.194 GC heap before
{Heap before GC invocations=75 (full 0):
 garbage-first heap   total 614400K, used 454647K [0x0000000600000000, 0x0000000800000000)
  region size 4096K, 62 young (253952K), 7 survivors (28672K)
 Metaspace       used 135311K, committed 136832K, reserved 1179648K
  class space    used 18525K, committed 19200K, reserved 1048576K
}
Event: 351.722 GC heap after
{Heap after GC invocations=76 (full 0):
 garbage-first heap   total 614400K, used 256096K [0x0000000600000000, 0x0000000800000000)
  region size 4096K, 6 young (24576K), 6 survivors (24576K)
 Metaspace       used 135311K, committed 136832K, reserved 1179648K
  class space    used 18525K, committed 19200K, reserved 1048576K
}
Event: 351.990 GC heap before
{Heap before GC invocations=76 (full 0):
 garbage-first heap   total 614400K, used 256096K [0x0000000600000000, 0x0000000800000000)
  region size 4096K, 7 young (28672K), 6 survivors (24576K)
 Metaspace       used 135313K, committed 136832K, reserved 1179648K
  class space    used 18525K, committed 19200K, reserved 1048576K
}
Event: 352.157 GC heap after
{Heap after GC invocations=77 (full 0):
 garbage-first heap   total 614400K, used 259607K [0x0000000600000000, 0x0000000800000000)
  region size 4096K, 1 young (4096K), 1 survivors (4096K)
 Metaspace       used 135313K, committed 136832K, reserved 1179648K
  class space    used 18525K, committed 19200K, reserved 1048576K
}
Event: 353.508 GC heap before
{Heap before GC invocations=77 (full 0):
 garbage-first heap   total 614400K, used 284183K [0x0000000600000000, 0x0000000800000000)
  region size 4096K, 8 young (32768K), 1 survivors (4096K)
 Metaspace       used 135322K, committed 136832K, reserved 1179648K
  class space    used 18525K, committed 19200K, reserved 1048576K
}
Event: 353.525 GC heap after
{Heap after GC invocations=78 (full 0):
 garbage-first heap   total 614400K, used 259322K [0x0000000600000000, 0x0000000800000000)
  region size 4096K, 1 young (4096K), 1 survivors (4096K)
 Metaspace       used 135322K, committed 136832K, reserved 1179648K
  class space    used 18525K, committed 19200K, reserved 1048576K
}
Event: 361.399 GC heap before
{Heap before GC invocations=78 (full 0):
 garbage-first heap   total 614400K, used 312570K [0x0000000600000000, 0x0000000800000000)
  region size 4096K, 15 young (61440K), 1 survivors (4096K)
 Metaspace       used 136235K, committed 137792K, reserved 1179648K
  class space    used 18634K, committed 19328K, reserved 1048576K
}

